[WORKLEVEL] 2018-02-24 00:03:11.699 interview.portal.filter.JwtAuthenticationTokenFilter                   doFilterInternal                        (35   ) - JwtAuthenticationTokenFilter start works
[WORKLEVEL] 2018-02-24 00:03:11.728 interview.portal.filter.JwtAuthenticationTokenFilter                   doFilterInternal                        (37   ) - JwtAuthenticationTokenFilter got header with content : null
[WORKLEVEL] 2018-02-24 00:03:11.747 interview.portal.filter.JwtAuthenticationTokenFilter                   doFilterInternal                        (54   ) - checking authentication for user null
[WORKLEVEL] 2018-02-24 00:03:11.747 interview.portal.filter.JwtAuthenticationTokenFilter                   doFilterInternal                        (74   ) - move to next filter
[WORKLEVEL] 2018-02-24 00:03:11.822 interview.portal.filter.JwtAuthenticationTokenFilter                   doFilterInternal                        (35   ) - JwtAuthenticationTokenFilter start works
[WORKLEVEL] 2018-02-24 00:03:11.822 interview.portal.filter.JwtAuthenticationTokenFilter                   doFilterInternal                        (37   ) - JwtAuthenticationTokenFilter got header with content : null
[WORKLEVEL] 2018-02-24 00:03:11.823 interview.portal.filter.JwtAuthenticationTokenFilter                   doFilterInternal                        (54   ) - checking authentication for user null
[WORKLEVEL] 2018-02-24 00:03:11.823 interview.portal.filter.JwtAuthenticationTokenFilter                   doFilterInternal                        (74   ) - move to next filter
[WORKLEVEL] 2018-02-24 00:03:11.891 interview.portal.controller.AuthenticationController                   authorization                           (37   ) - User authentication through authenticationManager: user login -lsanders5@cornell.edu
[WORKLEVEL] 2018-02-24 00:03:11.892 portal.facade.impl.AuthenticationFacadeImpl                            getUserPermission                       (36   ) - Start works method 'getUserPermission' 
[WORKLEVEL] 2018-02-24 00:03:12.676 portal.facade.impl.AuthenticationFacadeImpl                            getUserPermission                       (41   ) - User lsanders5@cornell.edu got access token: eyJhbGciOiJIUzI1NiJ9.eyJzdWIiOiJsc2FuZGVyczVAY29ybmVsbC5lZHUiLCJyb2xlIjoidXNlciIsImV4cCI6MTUxOTQxOTgwMn0.mHTBySdoRXQlLgmSfxj7u7e1--Y8004Tms7CT8tlmDY
[WORKLEVEL] 2018-02-24 00:03:12.701 portal.facade.impl.AuthenticationFacadeImpl                            getUserPermission                       (43   ) - User lsanders5@cornell.edu got refresh token: eyJhbGciOiJIUzI1NiJ9.eyJzdWIiOiJsc2FuZGVyczVAY29ybmVsbC5lZHUiLCJyb2xlIjoidXNlciIsImV4cCI6MTUxOTQxOTg0Mn0.rp5XsOlGFBdxtsnWPJhCO2gDx6ojUZKo0IT43iw9iZc
[WORKLEVEL] 2018-02-24 00:03:12.701 portal.facade.impl.AuthenticationFacadeImpl                            gatherPermissions                       (74   ) - Start works method 'gatherPermissions' 
[WORKLEVEL] 2018-02-24 00:03:12.705 portal.facade.impl.AuthenticationFacadeImpl                            gatherPermissions                       (83   ) - return permissions in CredentialsDTO
[WORKLEVEL] 2018-02-24 00:03:12.774 interview.portal.filter.JwtAuthenticationTokenFilter                   doFilterInternal                        (35   ) - JwtAuthenticationTokenFilter start works
[WORKLEVEL] 2018-02-24 00:03:12.774 interview.portal.filter.JwtAuthenticationTokenFilter                   doFilterInternal                        (37   ) - JwtAuthenticationTokenFilter got header with content : null
[WORKLEVEL] 2018-02-24 00:03:12.775 interview.portal.filter.JwtAuthenticationTokenFilter                   doFilterInternal                        (54   ) - checking authentication for user null
[WORKLEVEL] 2018-02-24 00:03:12.776 interview.portal.filter.JwtAuthenticationTokenFilter                   doFilterInternal                        (74   ) - move to next filter
[WORKLEVEL] 2018-02-24 00:03:12.783 interview.portal.filter.JwtAuthenticationTokenFilter                   doFilterInternal                        (35   ) - JwtAuthenticationTokenFilter start works
[WORKLEVEL] 2018-02-24 00:03:12.784 interview.portal.filter.JwtAuthenticationTokenFilter                   doFilterInternal                        (37   ) - JwtAuthenticationTokenFilter got header with content : Bearer eyJhbGciOiJIUzI1NiJ9.eyJzdWIiOiJsc2FuZGVyczVAY29ybmVsbC5lZHUiLCJyb2xlIjoidXNlciIsImV4cCI6MTUxOTQxOTgwMn0.mHTBySdoRXQlLgmSfxj7u7e1--Y8004Tms7CT8tlmDY
[WORKLEVEL] 2018-02-24 00:03:12.785 interview.portal.filter.JwtAuthenticationTokenFilter                   doFilterInternal                        (41   ) - Header is not empty and Start with token prefix: Bearer 
[WORKLEVEL] 2018-02-24 00:03:12.788 interview.portal.filter.JwtAuthenticationTokenFilter                   doFilterInternal                        (45   ) - Login to obtain from token success. login : lsanders5@cornell.edu
[WORKLEVEL] 2018-02-24 00:03:12.788 interview.portal.filter.JwtAuthenticationTokenFilter                   doFilterInternal                        (54   ) - checking authentication for user lsanders5@cornell.edu
[WORKLEVEL] 2018-02-24 00:03:12.817 interview.portal.filter.JwtAuthenticationTokenFilter                   doFilterInternal                        (70   ) - authenticated user lsanders5@cornell.edu, setting security context
[WORKLEVEL] 2018-02-24 00:03:12.818 interview.portal.filter.JwtAuthenticationTokenFilter                   doFilterInternal                        (74   ) - move to next filter
[WORKLEVEL] 2018-02-24 00:06:48.112 interview.portal.filter.JwtAuthenticationTokenFilter                   doFilterInternal                        (35   ) - JwtAuthenticationTokenFilter start works
[WORKLEVEL] 2018-02-24 00:06:48.113 interview.portal.filter.JwtAuthenticationTokenFilter                   doFilterInternal                        (37   ) - JwtAuthenticationTokenFilter got header with content : null
[WORKLEVEL] 2018-02-24 00:06:48.113 interview.portal.filter.JwtAuthenticationTokenFilter                   doFilterInternal                        (54   ) - checking authentication for user null
[WORKLEVEL] 2018-02-24 00:06:48.113 interview.portal.filter.JwtAuthenticationTokenFilter                   doFilterInternal                        (74   ) - move to next filter
[WORKLEVEL] 2018-02-24 00:06:48.209 interview.portal.controller.AuthenticationController                   authorization                           (37   ) - User authentication through authenticationManager: user login -awilliamson1@narod.ru
[WORKLEVEL] 2018-02-24 00:06:48.210 portal.facade.impl.AuthenticationFacadeImpl                            getUserPermission                       (36   ) - Start works method 'getUserPermission' 
[WORKLEVEL] 2018-02-24 00:06:48.943 portal.facade.impl.AuthenticationFacadeImpl                            getUserPermission                       (41   ) - User awilliamson1@narod.ru got access token: eyJhbGciOiJIUzI1NiJ9.eyJzdWIiOiJhd2lsbGlhbXNvbjFAbmFyb2QucnUiLCJyb2xlIjoidXNlciIsImV4cCI6MTUxOTQyMDAxOH0.RS3l6dKz7qGiqsgubbheePIacjUIj3se_HMVXVCRD2w
[WORKLEVEL] 2018-02-24 00:06:48.972 portal.facade.impl.AuthenticationFacadeImpl                            getUserPermission                       (43   ) - User awilliamson1@narod.ru got refresh token: eyJhbGciOiJIUzI1NiJ9.eyJzdWIiOiJhd2lsbGlhbXNvbjFAbmFyb2QucnUiLCJyb2xlIjoidXNlciIsImV4cCI6MTUxOTQyMDA1OH0.lcMGo70ZkcFS_rA0DOUBkzRRZRgktGvUa1vdVxaOpQ4
[WORKLEVEL] 2018-02-24 00:06:48.973 portal.facade.impl.AuthenticationFacadeImpl                            gatherPermissions                       (74   ) - Start works method 'gatherPermissions' 
[WORKLEVEL] 2018-02-24 00:06:48.974 portal.facade.impl.AuthenticationFacadeImpl                            gatherPermissions                       (83   ) - return permissions in CredentialsDTO
[WORKLEVEL] 2018-02-24 00:06:49.045 interview.portal.filter.JwtAuthenticationTokenFilter                   doFilterInternal                        (35   ) - JwtAuthenticationTokenFilter start works
[WORKLEVEL] 2018-02-24 00:06:49.046 interview.portal.filter.JwtAuthenticationTokenFilter                   doFilterInternal                        (37   ) - JwtAuthenticationTokenFilter got header with content : Bearer eyJhbGciOiJIUzI1NiJ9.eyJzdWIiOiJhd2lsbGlhbXNvbjFAbmFyb2QucnUiLCJyb2xlIjoidXNlciIsImV4cCI6MTUxOTQyMDAxOH0.RS3l6dKz7qGiqsgubbheePIacjUIj3se_HMVXVCRD2w
[WORKLEVEL] 2018-02-24 00:06:49.047 interview.portal.filter.JwtAuthenticationTokenFilter                   doFilterInternal                        (41   ) - Header is not empty and Start with token prefix: Bearer 
[WORKLEVEL] 2018-02-24 00:06:49.051 interview.portal.filter.JwtAuthenticationTokenFilter                   doFilterInternal                        (45   ) - Login to obtain from token success. login : awilliamson1@narod.ru
[WORKLEVEL] 2018-02-24 00:06:49.051 interview.portal.filter.JwtAuthenticationTokenFilter                   doFilterInternal                        (54   ) - checking authentication for user awilliamson1@narod.ru
[WORKLEVEL] 2018-02-24 00:06:49.089 interview.portal.filter.JwtAuthenticationTokenFilter                   doFilterInternal                        (70   ) - authenticated user awilliamson1@narod.ru, setting security context
[WORKLEVEL] 2018-02-24 00:06:49.090 interview.portal.filter.JwtAuthenticationTokenFilter                   doFilterInternal                        (74   ) - move to next filter
[WORKLEVEL] 2018-02-24 00:07:06.815 interview.portal.filter.JwtAuthenticationTokenFilter                   doFilterInternal                        (35   ) - JwtAuthenticationTokenFilter start works
[WORKLEVEL] 2018-02-24 00:07:06.816 interview.portal.filter.JwtAuthenticationTokenFilter                   doFilterInternal                        (37   ) - JwtAuthenticationTokenFilter got header with content : null
[WORKLEVEL] 2018-02-24 00:07:06.816 interview.portal.filter.JwtAuthenticationTokenFilter                   doFilterInternal                        (54   ) - checking authentication for user null
[WORKLEVEL] 2018-02-24 00:07:06.816 interview.portal.filter.JwtAuthenticationTokenFilter                   doFilterInternal                        (74   ) - move to next filter
[WORKLEVEL] 2018-02-24 00:07:06.949 interview.portal.filter.JwtAuthenticationTokenFilter                   doFilterInternal                        (35   ) - JwtAuthenticationTokenFilter start works
[WORKLEVEL] 2018-02-24 00:07:06.950 interview.portal.filter.JwtAuthenticationTokenFilter                   doFilterInternal                        (37   ) - JwtAuthenticationTokenFilter got header with content : null
[WORKLEVEL] 2018-02-24 00:07:06.950 interview.portal.filter.JwtAuthenticationTokenFilter                   doFilterInternal                        (54   ) - checking authentication for user null
[WORKLEVEL] 2018-02-24 00:07:06.950 interview.portal.filter.JwtAuthenticationTokenFilter                   doFilterInternal                        (74   ) - move to next filter
[WORKLEVEL] 2018-02-24 00:07:06.954 interview.portal.controller.AuthenticationController                   refreshCredentials                      (43   ) - User refreshToken 
[WORKLEVEL] 2018-02-24 00:07:06.954 portal.facade.impl.AuthenticationFacadeImpl                            refreshCredentials                      (49   ) - Start works method 'refreshCredentials' 
[WORKLEVEL] 2018-02-24 00:23:03.029 interview.portal.filter.JwtAuthenticationTokenFilter                   doFilterInternal                        (35   ) - JwtAuthenticationTokenFilter start works
[WORKLEVEL] 2018-02-24 00:23:03.029 interview.portal.filter.JwtAuthenticationTokenFilter                   doFilterInternal                        (37   ) - JwtAuthenticationTokenFilter got header with content : null
[WORKLEVEL] 2018-02-24 00:23:03.030 interview.portal.filter.JwtAuthenticationTokenFilter                   doFilterInternal                        (54   ) - checking authentication for user null
[WORKLEVEL] 2018-02-24 00:23:03.030 interview.portal.filter.JwtAuthenticationTokenFilter                   doFilterInternal                        (74   ) - move to next filter
[WORKLEVEL] 2018-02-24 00:23:03.037 interview.portal.filter.JwtAuthenticationTokenFilter                   doFilterInternal                        (35   ) - JwtAuthenticationTokenFilter start works
[WORKLEVEL] 2018-02-24 00:23:03.038 interview.portal.filter.JwtAuthenticationTokenFilter                   doFilterInternal                        (37   ) - JwtAuthenticationTokenFilter got header with content : null
[WORKLEVEL] 2018-02-24 00:23:03.038 interview.portal.filter.JwtAuthenticationTokenFilter                   doFilterInternal                        (54   ) - checking authentication for user null
[WORKLEVEL] 2018-02-24 00:23:03.038 interview.portal.filter.JwtAuthenticationTokenFilter                   doFilterInternal                        (74   ) - move to next filter
[WORKLEVEL] 2018-02-24 00:23:03.040 interview.portal.controller.AuthenticationController                   authorization                           (37   ) - User authentication through authenticationManager: user login -awilliamson1@narod.ru
[WORKLEVEL] 2018-02-24 00:23:03.040 portal.facade.impl.AuthenticationFacadeImpl                            getUserPermission                       (36   ) - Start works method 'getUserPermission' 
[WORKLEVEL] 2018-02-24 00:23:03.159 portal.facade.impl.AuthenticationFacadeImpl                            getUserPermission                       (41   ) - User awilliamson1@narod.ru got access token: eyJhbGciOiJIUzI1NiJ9.eyJzdWIiOiJhd2lsbGlhbXNvbjFAbmFyb2QucnUiLCJyb2xlIjoidXNlciIsImV4cCI6MTUxOTQyMDk5M30.EMX9CH_v767QwLImgZ1nu5SzqXymwsVcLnei7PyLius
[WORKLEVEL] 2018-02-24 00:23:03.161 portal.facade.impl.AuthenticationFacadeImpl                            getUserPermission                       (43   ) - User awilliamson1@narod.ru got refresh token: eyJhbGciOiJIUzI1NiJ9.eyJzdWIiOiJhd2lsbGlhbXNvbjFAbmFyb2QucnUiLCJyb2xlIjoidXNlciIsImV4cCI6MTUxOTQyMTAzM30.zoTMEKPqc_vd0GObjW7nZUvtphTTfLMXIC7HSFVUJ8Y
[WORKLEVEL] 2018-02-24 00:23:03.161 portal.facade.impl.AuthenticationFacadeImpl                            gatherPermissions                       (74   ) - Start works method 'gatherPermissions' 
[WORKLEVEL] 2018-02-24 00:23:03.161 portal.facade.impl.AuthenticationFacadeImpl                            gatherPermissions                       (83   ) - return permissions in CredentialsDTO
[WORKLEVEL] 2018-02-24 00:23:03.197 interview.portal.filter.JwtAuthenticationTokenFilter                   doFilterInternal                        (35   ) - JwtAuthenticationTokenFilter start works
[WORKLEVEL] 2018-02-24 00:23:03.197 interview.portal.filter.JwtAuthenticationTokenFilter                   doFilterInternal                        (37   ) - JwtAuthenticationTokenFilter got header with content : null
[WORKLEVEL] 2018-02-24 00:23:03.198 interview.portal.filter.JwtAuthenticationTokenFilter                   doFilterInternal                        (54   ) - checking authentication for user null
[WORKLEVEL] 2018-02-24 00:23:03.198 interview.portal.filter.JwtAuthenticationTokenFilter                   doFilterInternal                        (74   ) - move to next filter
[WORKLEVEL] 2018-02-24 00:23:03.206 interview.portal.filter.JwtAuthenticationTokenFilter                   doFilterInternal                        (35   ) - JwtAuthenticationTokenFilter start works
[WORKLEVEL] 2018-02-24 00:23:03.207 interview.portal.filter.JwtAuthenticationTokenFilter                   doFilterInternal                        (37   ) - JwtAuthenticationTokenFilter got header with content : Bearer eyJhbGciOiJIUzI1NiJ9.eyJzdWIiOiJhd2lsbGlhbXNvbjFAbmFyb2QucnUiLCJyb2xlIjoidXNlciIsImV4cCI6MTUxOTQyMDk5M30.EMX9CH_v767QwLImgZ1nu5SzqXymwsVcLnei7PyLius
[WORKLEVEL] 2018-02-24 00:23:03.207 interview.portal.filter.JwtAuthenticationTokenFilter                   doFilterInternal                        (41   ) - Header is not empty and Start with token prefix: Bearer 
[WORKLEVEL] 2018-02-24 00:23:03.208 interview.portal.filter.JwtAuthenticationTokenFilter                   doFilterInternal                        (45   ) - Login to obtain from token success. login : awilliamson1@narod.ru
[WORKLEVEL] 2018-02-24 00:23:03.209 interview.portal.filter.JwtAuthenticationTokenFilter                   doFilterInternal                        (54   ) - checking authentication for user awilliamson1@narod.ru
[WORKLEVEL] 2018-02-24 00:23:03.248 interview.portal.filter.JwtAuthenticationTokenFilter                   doFilterInternal                        (70   ) - authenticated user awilliamson1@narod.ru, setting security context
[WORKLEVEL] 2018-02-24 00:23:03.248 interview.portal.filter.JwtAuthenticationTokenFilter                   doFilterInternal                        (74   ) - move to next filter
[WORKLEVEL] 2018-02-24 00:23:22.096 interview.portal.filter.JwtAuthenticationTokenFilter                   doFilterInternal                        (35   ) - JwtAuthenticationTokenFilter start works
[WORKLEVEL] 2018-02-24 00:23:22.096 interview.portal.filter.JwtAuthenticationTokenFilter                   doFilterInternal                        (37   ) - JwtAuthenticationTokenFilter got header with content : null
[WORKLEVEL] 2018-02-24 00:23:22.096 interview.portal.filter.JwtAuthenticationTokenFilter                   doFilterInternal                        (54   ) - checking authentication for user null
[WORKLEVEL] 2018-02-24 00:23:22.097 interview.portal.filter.JwtAuthenticationTokenFilter                   doFilterInternal                        (74   ) - move to next filter
[WORKLEVEL] 2018-02-24 00:23:22.131 interview.portal.filter.JwtAuthenticationTokenFilter                   doFilterInternal                        (35   ) - JwtAuthenticationTokenFilter start works
[WORKLEVEL] 2018-02-24 00:23:22.131 interview.portal.filter.JwtAuthenticationTokenFilter                   doFilterInternal                        (37   ) - JwtAuthenticationTokenFilter got header with content : null
[WORKLEVEL] 2018-02-24 00:23:22.132 interview.portal.filter.JwtAuthenticationTokenFilter                   doFilterInternal                        (54   ) - checking authentication for user null
[WORKLEVEL] 2018-02-24 00:23:22.132 interview.portal.filter.JwtAuthenticationTokenFilter                   doFilterInternal                        (74   ) - move to next filter
[WORKLEVEL] 2018-02-24 00:23:22.134 interview.portal.controller.AuthenticationController                   refreshCredentials                      (43   ) - User refreshToken 
[WORKLEVEL] 2018-02-24 00:23:22.134 portal.facade.impl.AuthenticationFacadeImpl                            refreshCredentials                      (49   ) - Start works method 'refreshCredentials' 
[WORKLEVEL] 2018-02-24 00:31:17.842 interview.portal.filter.JwtAuthenticationTokenFilter                   doFilterInternal                        (35   ) - JwtAuthenticationTokenFilter start works
[WORKLEVEL] 2018-02-24 00:31:17.842 interview.portal.filter.JwtAuthenticationTokenFilter                   doFilterInternal                        (37   ) - JwtAuthenticationTokenFilter got header with content : null
[WORKLEVEL] 2018-02-24 00:31:17.843 interview.portal.filter.JwtAuthenticationTokenFilter                   doFilterInternal                        (54   ) - checking authentication for user null
[WORKLEVEL] 2018-02-24 00:31:17.843 interview.portal.filter.JwtAuthenticationTokenFilter                   doFilterInternal                        (74   ) - move to next filter
[WORKLEVEL] 2018-02-24 00:31:17.935 interview.portal.controller.AuthenticationController                   authorization                           (37   ) - User authentication through authenticationManager: user login -awilliamson1@narod.ru
[WORKLEVEL] 2018-02-24 00:31:17.937 portal.facade.impl.AuthenticationFacadeImpl                            getUserPermission                       (36   ) - Start works method 'getUserPermission' 
[WORKLEVEL] 2018-02-24 00:31:18.717 portal.facade.impl.AuthenticationFacadeImpl                            getUserPermission                       (41   ) - User awilliamson1@narod.ru got access token: eyJhbGciOiJIUzI1NiJ9.eyJzdWIiOiJhd2lsbGlhbXNvbjFAbmFyb2QucnUiLCJyb2xlIjoidXNlciIsImV4cCI6MTUxOTQyMTQ4OH0.CqZvQflWCGJAU9PHS_WrKc4d_FZeRJ7ljNH6FlCD7FM
[WORKLEVEL] 2018-02-24 00:31:18.742 portal.facade.impl.AuthenticationFacadeImpl                            getUserPermission                       (43   ) - User awilliamson1@narod.ru got refresh token: eyJhbGciOiJIUzI1NiJ9.eyJzdWIiOiJhd2lsbGlhbXNvbjFAbmFyb2QucnUiLCJyb2xlIjoidXNlciIsImV4cCI6MTUxOTQyMTUyOH0.KAsygFK_l7ng991YP3ZRLI-2ZXhihSQFRQJ-NZRWyk0
[WORKLEVEL] 2018-02-24 00:31:18.742 portal.facade.impl.AuthenticationFacadeImpl                            gatherPermissions                       (74   ) - Start works method 'gatherPermissions' 
[WORKLEVEL] 2018-02-24 00:31:18.743 portal.facade.impl.AuthenticationFacadeImpl                            gatherPermissions                       (83   ) - return permissions in CredentialsDTO
[WORKLEVEL] 2018-02-24 00:31:18.835 interview.portal.filter.JwtAuthenticationTokenFilter                   doFilterInternal                        (35   ) - JwtAuthenticationTokenFilter start works
[WORKLEVEL] 2018-02-24 00:31:18.835 interview.portal.filter.JwtAuthenticationTokenFilter                   doFilterInternal                        (37   ) - JwtAuthenticationTokenFilter got header with content : Bearer eyJhbGciOiJIUzI1NiJ9.eyJzdWIiOiJhd2lsbGlhbXNvbjFAbmFyb2QucnUiLCJyb2xlIjoidXNlciIsImV4cCI6MTUxOTQyMTQ4OH0.CqZvQflWCGJAU9PHS_WrKc4d_FZeRJ7ljNH6FlCD7FM
[WORKLEVEL] 2018-02-24 00:31:18.835 interview.portal.filter.JwtAuthenticationTokenFilter                   doFilterInternal                        (41   ) - Header is not empty and Start with token prefix: Bearer 
[WORKLEVEL] 2018-02-24 00:31:18.841 interview.portal.filter.JwtAuthenticationTokenFilter                   doFilterInternal                        (45   ) - Login to obtain from token success. login : awilliamson1@narod.ru
[WORKLEVEL] 2018-02-24 00:31:18.841 interview.portal.filter.JwtAuthenticationTokenFilter                   doFilterInternal                        (54   ) - checking authentication for user awilliamson1@narod.ru
[WORKLEVEL] 2018-02-24 00:31:18.881 interview.portal.filter.JwtAuthenticationTokenFilter                   doFilterInternal                        (70   ) - authenticated user awilliamson1@narod.ru, setting security context
[WORKLEVEL] 2018-02-24 00:31:18.881 interview.portal.filter.JwtAuthenticationTokenFilter                   doFilterInternal                        (74   ) - move to next filter
[WORKLEVEL] 2018-02-24 00:32:26.913 interview.portal.filter.JwtAuthenticationTokenFilter                   doFilterInternal                        (35   ) - JwtAuthenticationTokenFilter start works
[WORKLEVEL] 2018-02-24 00:32:26.914 interview.portal.filter.JwtAuthenticationTokenFilter                   doFilterInternal                        (37   ) - JwtAuthenticationTokenFilter got header with content : null
[WORKLEVEL] 2018-02-24 00:32:26.917 interview.portal.filter.JwtAuthenticationTokenFilter                   doFilterInternal                        (54   ) - checking authentication for user null
[WORKLEVEL] 2018-02-24 00:32:26.918 interview.portal.filter.JwtAuthenticationTokenFilter                   doFilterInternal                        (74   ) - move to next filter
[WORKLEVEL] 2018-02-24 00:32:27.002 interview.portal.controller.AuthenticationController                   authorization                           (37   ) - User authentication through authenticationManager: user login -awilliamson1@narod.ru
[WORKLEVEL] 2018-02-24 00:32:27.002 portal.facade.impl.AuthenticationFacadeImpl                            getUserPermission                       (36   ) - Start works method 'getUserPermission' 
[WORKLEVEL] 2018-02-24 00:32:27.814 portal.facade.impl.AuthenticationFacadeImpl                            getUserPermission                       (41   ) - User awilliamson1@narod.ru got access token: eyJhbGciOiJIUzI1NiJ9.eyJzdWIiOiJhd2lsbGlhbXNvbjFAbmFyb2QucnUiLCJyb2xlIjoidXNlciIsImV4cCI6MTUxOTQyMTU1N30.KszZAybmVn4p_MiEQkGBj0NibfvelzdvDSbC1KaPNm0
[WORKLEVEL] 2018-02-24 00:32:27.838 portal.facade.impl.AuthenticationFacadeImpl                            getUserPermission                       (43   ) - User awilliamson1@narod.ru got refresh token: eyJhbGciOiJIUzI1NiJ9.eyJzdWIiOiJhd2lsbGlhbXNvbjFAbmFyb2QucnUiLCJyb2xlIjoidXNlciIsImV4cCI6MTUxOTQyMTU5N30.VEdExSXDSHx9qaZQXvMGXAujr1dq48O90uDnmcZ6hpk
[WORKLEVEL] 2018-02-24 00:32:27.839 portal.facade.impl.AuthenticationFacadeImpl                            gatherPermissions                       (74   ) - Start works method 'gatherPermissions' 
[WORKLEVEL] 2018-02-24 00:32:27.839 portal.facade.impl.AuthenticationFacadeImpl                            gatherPermissions                       (83   ) - return permissions in CredentialsDTO
[WORKLEVEL] 2018-02-24 00:32:27.919 interview.portal.filter.JwtAuthenticationTokenFilter                   doFilterInternal                        (35   ) - JwtAuthenticationTokenFilter start works
[WORKLEVEL] 2018-02-24 00:32:27.920 interview.portal.filter.JwtAuthenticationTokenFilter                   doFilterInternal                        (37   ) - JwtAuthenticationTokenFilter got header with content : Bearer eyJhbGciOiJIUzI1NiJ9.eyJzdWIiOiJhd2lsbGlhbXNvbjFAbmFyb2QucnUiLCJyb2xlIjoidXNlciIsImV4cCI6MTUxOTQyMTU1N30.KszZAybmVn4p_MiEQkGBj0NibfvelzdvDSbC1KaPNm0
[WORKLEVEL] 2018-02-24 00:32:27.920 interview.portal.filter.JwtAuthenticationTokenFilter                   doFilterInternal                        (41   ) - Header is not empty and Start with token prefix: Bearer 
[WORKLEVEL] 2018-02-24 00:32:27.924 interview.portal.filter.JwtAuthenticationTokenFilter                   doFilterInternal                        (45   ) - Login to obtain from token success. login : awilliamson1@narod.ru
[WORKLEVEL] 2018-02-24 00:32:27.924 interview.portal.filter.JwtAuthenticationTokenFilter                   doFilterInternal                        (54   ) - checking authentication for user awilliamson1@narod.ru
[WORKLEVEL] 2018-02-24 00:32:27.961 interview.portal.filter.JwtAuthenticationTokenFilter                   doFilterInternal                        (70   ) - authenticated user awilliamson1@narod.ru, setting security context
[WORKLEVEL] 2018-02-24 00:32:27.962 interview.portal.filter.JwtAuthenticationTokenFilter                   doFilterInternal                        (74   ) - move to next filter
[WORKLEVEL] 2018-02-24 00:35:50.122 interview.portal.filter.JwtAuthenticationTokenFilter                   doFilterInternal                        (35   ) - JwtAuthenticationTokenFilter start works
[WORKLEVEL] 2018-02-24 00:35:50.123 interview.portal.filter.JwtAuthenticationTokenFilter                   doFilterInternal                        (37   ) - JwtAuthenticationTokenFilter got header with content : null
[WORKLEVEL] 2018-02-24 00:35:50.123 interview.portal.filter.JwtAuthenticationTokenFilter                   doFilterInternal                        (54   ) - checking authentication for user null
[WORKLEVEL] 2018-02-24 00:35:50.123 interview.portal.filter.JwtAuthenticationTokenFilter                   doFilterInternal                        (74   ) - move to next filter
[WORKLEVEL] 2018-02-24 00:35:50.166 interview.portal.filter.JwtAuthenticationTokenFilter                   doFilterInternal                        (35   ) - JwtAuthenticationTokenFilter start works
[WORKLEVEL] 2018-02-24 00:35:50.167 interview.portal.filter.JwtAuthenticationTokenFilter                   doFilterInternal                        (37   ) - JwtAuthenticationTokenFilter got header with content : null
[WORKLEVEL] 2018-02-24 00:35:50.167 interview.portal.filter.JwtAuthenticationTokenFilter                   doFilterInternal                        (54   ) - checking authentication for user null
[WORKLEVEL] 2018-02-24 00:35:50.167 interview.portal.filter.JwtAuthenticationTokenFilter                   doFilterInternal                        (74   ) - move to next filter
[WORKLEVEL] 2018-02-24 00:35:50.229 interview.portal.controller.AuthenticationController                   authorization                           (37   ) - User authentication through authenticationManager: user login -awilliamson1@narod.ru
[WORKLEVEL] 2018-02-24 00:35:50.229 portal.facade.impl.AuthenticationFacadeImpl                            getUserPermission                       (36   ) - Start works method 'getUserPermission' 
[WORKLEVEL] 2018-02-24 00:35:51.171 portal.facade.impl.AuthenticationFacadeImpl                            getUserPermission                       (41   ) - User awilliamson1@narod.ru got access token: eyJhbGciOiJIUzI1NiJ9.eyJzdWIiOiJhd2lsbGlhbXNvbjFAbmFyb2QucnUiLCJyb2xlIjoidXNlciIsImV4cCI6MTUxOTQyMTc2MH0.RTnSfsBmqgLaulvcckRI5iElA82odeXVcxU-QrEqnLM
[WORKLEVEL] 2018-02-24 00:35:51.202 portal.facade.impl.AuthenticationFacadeImpl                            getUserPermission                       (43   ) - User awilliamson1@narod.ru got refresh token: eyJhbGciOiJIUzI1NiJ9.eyJzdWIiOiJhd2lsbGlhbXNvbjFAbmFyb2QucnUiLCJyb2xlIjoidXNlciIsImV4cCI6MTUxOTQyMTgwMX0.a1FseATiigXGxuxVuwhqlq8ghJi3dE3DEAjKwZij5C8
[WORKLEVEL] 2018-02-24 00:35:51.202 portal.facade.impl.AuthenticationFacadeImpl                            gatherPermissions                       (74   ) - Start works method 'gatherPermissions' 
[WORKLEVEL] 2018-02-24 00:35:51.203 portal.facade.impl.AuthenticationFacadeImpl                            gatherPermissions                       (83   ) - return permissions in CredentialsDTO
[WORKLEVEL] 2018-02-24 00:35:51.268 interview.portal.filter.JwtAuthenticationTokenFilter                   doFilterInternal                        (35   ) - JwtAuthenticationTokenFilter start works
[WORKLEVEL] 2018-02-24 00:35:51.269 interview.portal.filter.JwtAuthenticationTokenFilter                   doFilterInternal                        (37   ) - JwtAuthenticationTokenFilter got header with content : null
[WORKLEVEL] 2018-02-24 00:35:51.270 interview.portal.filter.JwtAuthenticationTokenFilter                   doFilterInternal                        (54   ) - checking authentication for user null
[WORKLEVEL] 2018-02-24 00:35:51.270 interview.portal.filter.JwtAuthenticationTokenFilter                   doFilterInternal                        (74   ) - move to next filter
[WORKLEVEL] 2018-02-24 00:35:51.283 interview.portal.filter.JwtAuthenticationTokenFilter                   doFilterInternal                        (35   ) - JwtAuthenticationTokenFilter start works
[WORKLEVEL] 2018-02-24 00:35:51.284 interview.portal.filter.JwtAuthenticationTokenFilter                   doFilterInternal                        (37   ) - JwtAuthenticationTokenFilter got header with content : Bearer eyJhbGciOiJIUzI1NiJ9.eyJzdWIiOiJhd2lsbGlhbXNvbjFAbmFyb2QucnUiLCJyb2xlIjoidXNlciIsImV4cCI6MTUxOTQyMTc2MH0.RTnSfsBmqgLaulvcckRI5iElA82odeXVcxU-QrEqnLM
[WORKLEVEL] 2018-02-24 00:35:51.284 interview.portal.filter.JwtAuthenticationTokenFilter                   doFilterInternal                        (41   ) - Header is not empty and Start with token prefix: Bearer 
[WORKLEVEL] 2018-02-24 00:35:51.288 interview.portal.filter.JwtAuthenticationTokenFilter                   doFilterInternal                        (45   ) - Login to obtain from token success. login : awilliamson1@narod.ru
[WORKLEVEL] 2018-02-24 00:35:51.289 interview.portal.filter.JwtAuthenticationTokenFilter                   doFilterInternal                        (54   ) - checking authentication for user awilliamson1@narod.ru
[WORKLEVEL] 2018-02-24 00:35:51.329 interview.portal.filter.JwtAuthenticationTokenFilter                   doFilterInternal                        (70   ) - authenticated user awilliamson1@narod.ru, setting security context
[WORKLEVEL] 2018-02-24 00:35:51.329 interview.portal.filter.JwtAuthenticationTokenFilter                   doFilterInternal                        (74   ) - move to next filter
[WORKLEVEL] 2018-02-24 00:36:31.024 interview.portal.filter.JwtAuthenticationTokenFilter                   doFilterInternal                        (35   ) - JwtAuthenticationTokenFilter start works
[WORKLEVEL] 2018-02-24 00:36:31.024 interview.portal.filter.JwtAuthenticationTokenFilter                   doFilterInternal                        (37   ) - JwtAuthenticationTokenFilter got header with content : null
[WORKLEVEL] 2018-02-24 00:36:31.025 interview.portal.filter.JwtAuthenticationTokenFilter                   doFilterInternal                        (54   ) - checking authentication for user null
[WORKLEVEL] 2018-02-24 00:36:31.025 interview.portal.filter.JwtAuthenticationTokenFilter                   doFilterInternal                        (74   ) - move to next filter
[WORKLEVEL] 2018-02-24 00:36:31.167 interview.portal.filter.JwtAuthenticationTokenFilter                   doFilterInternal                        (35   ) - JwtAuthenticationTokenFilter start works
[WORKLEVEL] 2018-02-24 00:36:31.168 interview.portal.filter.JwtAuthenticationTokenFilter                   doFilterInternal                        (37   ) - JwtAuthenticationTokenFilter got header with content : null
[WORKLEVEL] 2018-02-24 00:36:31.168 interview.portal.filter.JwtAuthenticationTokenFilter                   doFilterInternal                        (54   ) - checking authentication for user null
[WORKLEVEL] 2018-02-24 00:36:31.168 interview.portal.filter.JwtAuthenticationTokenFilter                   doFilterInternal                        (74   ) - move to next filter
[WORKLEVEL] 2018-02-24 00:36:31.172 interview.portal.controller.AuthenticationController                   refreshCredentials                      (43   ) - User refreshToken 
[WORKLEVEL] 2018-02-24 00:36:31.173 portal.facade.impl.AuthenticationFacadeImpl                            refreshCredentials                      (49   ) - Start works method 'refreshCredentials' 
[WORKLEVEL] 2018-02-24 00:48:30.382 interview.portal.filter.JwtAuthenticationTokenFilter                   doFilterInternal                        (35   ) - JwtAuthenticationTokenFilter start works
[WORKLEVEL] 2018-02-24 00:48:30.383 interview.portal.filter.JwtAuthenticationTokenFilter                   doFilterInternal                        (37   ) - JwtAuthenticationTokenFilter got header with content : null
[WORKLEVEL] 2018-02-24 00:48:30.383 interview.portal.filter.JwtAuthenticationTokenFilter                   doFilterInternal                        (54   ) - checking authentication for user null
[WORKLEVEL] 2018-02-24 00:48:30.383 interview.portal.filter.JwtAuthenticationTokenFilter                   doFilterInternal                        (74   ) - move to next filter
[WORKLEVEL] 2018-02-24 00:48:30.431 interview.portal.filter.JwtAuthenticationTokenFilter                   doFilterInternal                        (35   ) - JwtAuthenticationTokenFilter start works
[WORKLEVEL] 2018-02-24 00:48:30.431 interview.portal.filter.JwtAuthenticationTokenFilter                   doFilterInternal                        (37   ) - JwtAuthenticationTokenFilter got header with content : null
[WORKLEVEL] 2018-02-24 00:48:30.432 interview.portal.filter.JwtAuthenticationTokenFilter                   doFilterInternal                        (54   ) - checking authentication for user null
[WORKLEVEL] 2018-02-24 00:48:30.432 interview.portal.filter.JwtAuthenticationTokenFilter                   doFilterInternal                        (74   ) - move to next filter
[WORKLEVEL] 2018-02-24 00:48:30.491 interview.portal.controller.AuthenticationController                   authorization                           (37   ) - User authentication through authenticationManager: user login -awilliamson1@narod.ru
[WORKLEVEL] 2018-02-24 00:48:30.492 portal.facade.impl.AuthenticationFacadeImpl                            getUserPermission                       (36   ) - Start works method 'getUserPermission' 
[WORKLEVEL] 2018-02-24 00:48:31.289 portal.facade.impl.AuthenticationFacadeImpl                            getUserPermission                       (41   ) - User awilliamson1@narod.ru got access token: eyJhbGciOiJIUzI1NiJ9.eyJzdWIiOiJhd2lsbGlhbXNvbjFAbmFyb2QucnUiLCJyb2xlIjoidXNlciIsImV4cCI6MTUxOTQyMjUyMH0.WN2GIs16VlhfiK5n3v_ErrbFA7y777A1sA8vI0Drnrc
[WORKLEVEL] 2018-02-24 00:48:31.328 portal.facade.impl.AuthenticationFacadeImpl                            getUserPermission                       (43   ) - User awilliamson1@narod.ru got refresh token: eyJhbGciOiJIUzI1NiJ9.eyJzdWIiOiJhd2lsbGlhbXNvbjFAbmFyb2QucnUiLCJyb2xlIjoidXNlciIsImV4cCI6MTUxOTQyMjU2MX0.8lkcQIgP6Z-HmmiAdq9VA0q8KaQUcvnDuswZOdIryW4
[WORKLEVEL] 2018-02-24 00:48:31.329 portal.facade.impl.AuthenticationFacadeImpl                            gatherPermissions                       (74   ) - Start works method 'gatherPermissions' 
[WORKLEVEL] 2018-02-24 00:48:31.330 portal.facade.impl.AuthenticationFacadeImpl                            gatherPermissions                       (83   ) - return permissions in CredentialsDTO
[WORKLEVEL] 2018-02-24 00:48:31.390 interview.portal.filter.JwtAuthenticationTokenFilter                   doFilterInternal                        (35   ) - JwtAuthenticationTokenFilter start works
[WORKLEVEL] 2018-02-24 00:48:31.390 interview.portal.filter.JwtAuthenticationTokenFilter                   doFilterInternal                        (37   ) - JwtAuthenticationTokenFilter got header with content : null
[WORKLEVEL] 2018-02-24 00:48:31.391 interview.portal.filter.JwtAuthenticationTokenFilter                   doFilterInternal                        (54   ) - checking authentication for user null
[WORKLEVEL] 2018-02-24 00:48:31.391 interview.portal.filter.JwtAuthenticationTokenFilter                   doFilterInternal                        (74   ) - move to next filter
[WORKLEVEL] 2018-02-24 00:48:31.405 interview.portal.filter.JwtAuthenticationTokenFilter                   doFilterInternal                        (35   ) - JwtAuthenticationTokenFilter start works
[WORKLEVEL] 2018-02-24 00:48:31.406 interview.portal.filter.JwtAuthenticationTokenFilter                   doFilterInternal                        (37   ) - JwtAuthenticationTokenFilter got header with content : Bearer eyJhbGciOiJIUzI1NiJ9.eyJzdWIiOiJhd2lsbGlhbXNvbjFAbmFyb2QucnUiLCJyb2xlIjoidXNlciIsImV4cCI6MTUxOTQyMjUyMH0.WN2GIs16VlhfiK5n3v_ErrbFA7y777A1sA8vI0Drnrc
[WORKLEVEL] 2018-02-24 00:48:31.406 interview.portal.filter.JwtAuthenticationTokenFilter                   doFilterInternal                        (41   ) - Header is not empty and Start with token prefix: Bearer 
[WORKLEVEL] 2018-02-24 00:48:31.410 interview.portal.filter.JwtAuthenticationTokenFilter                   doFilterInternal                        (45   ) - Login to obtain from token success. login : awilliamson1@narod.ru
[WORKLEVEL] 2018-02-24 00:48:31.410 interview.portal.filter.JwtAuthenticationTokenFilter                   doFilterInternal                        (54   ) - checking authentication for user awilliamson1@narod.ru
[WORKLEVEL] 2018-02-24 00:48:31.449 interview.portal.filter.JwtAuthenticationTokenFilter                   doFilterInternal                        (70   ) - authenticated user awilliamson1@narod.ru, setting security context
[WORKLEVEL] 2018-02-24 00:48:31.449 interview.portal.filter.JwtAuthenticationTokenFilter                   doFilterInternal                        (74   ) - move to next filter
[WORKLEVEL] 2018-02-24 00:48:41.276 interview.portal.filter.JwtAuthenticationTokenFilter                   doFilterInternal                        (35   ) - JwtAuthenticationTokenFilter start works
[WORKLEVEL] 2018-02-24 00:48:41.277 interview.portal.filter.JwtAuthenticationTokenFilter                   doFilterInternal                        (37   ) - JwtAuthenticationTokenFilter got header with content : null
[WORKLEVEL] 2018-02-24 00:48:41.278 interview.portal.filter.JwtAuthenticationTokenFilter                   doFilterInternal                        (54   ) - checking authentication for user null
[WORKLEVEL] 2018-02-24 00:48:41.278 interview.portal.filter.JwtAuthenticationTokenFilter                   doFilterInternal                        (74   ) - move to next filter
[WORKLEVEL] 2018-02-24 00:48:41.432 interview.portal.filter.JwtAuthenticationTokenFilter                   doFilterInternal                        (35   ) - JwtAuthenticationTokenFilter start works
[WORKLEVEL] 2018-02-24 00:48:41.432 interview.portal.filter.JwtAuthenticationTokenFilter                   doFilterInternal                        (37   ) - JwtAuthenticationTokenFilter got header with content : null
[WORKLEVEL] 2018-02-24 00:48:41.433 interview.portal.filter.JwtAuthenticationTokenFilter                   doFilterInternal                        (54   ) - checking authentication for user null
[WORKLEVEL] 2018-02-24 00:48:41.433 interview.portal.filter.JwtAuthenticationTokenFilter                   doFilterInternal                        (74   ) - move to next filter
[WORKLEVEL] 2018-02-24 00:48:41.437 interview.portal.controller.AuthenticationController                   refreshCredentials                      (43   ) - User refreshToken 
[WORKLEVEL] 2018-02-24 00:48:41.437 portal.facade.impl.AuthenticationFacadeImpl                            refreshCredentials                      (49   ) - Start works method 'refreshCredentials' 
[WORKLEVEL] 2018-02-24 00:53:24.266 interview.portal.filter.JwtAuthenticationTokenFilter                   doFilterInternal                        (35   ) - JwtAuthenticationTokenFilter start works
[WORKLEVEL] 2018-02-24 00:53:24.267 interview.portal.filter.JwtAuthenticationTokenFilter                   doFilterInternal                        (37   ) - JwtAuthenticationTokenFilter got header with content : null
[WORKLEVEL] 2018-02-24 00:53:24.268 interview.portal.filter.JwtAuthenticationTokenFilter                   doFilterInternal                        (54   ) - checking authentication for user null
[WORKLEVEL] 2018-02-24 00:53:24.268 interview.portal.filter.JwtAuthenticationTokenFilter                   doFilterInternal                        (74   ) - move to next filter
[WORKLEVEL] 2018-02-24 00:53:24.393 interview.portal.controller.AuthenticationController                   authorization                           (37   ) - User authentication through authenticationManager: user login -awilliamson1@narod.ru
[WORKLEVEL] 2018-02-24 00:53:24.394 portal.facade.impl.AuthenticationFacadeImpl                            getUserPermission                       (36   ) - Start works method 'getUserPermission' 
[WORKLEVEL] 2018-02-24 00:53:25.285 portal.facade.impl.AuthenticationFacadeImpl                            getUserPermission                       (41   ) - User awilliamson1@narod.ru got access token: eyJhbGciOiJIUzI1NiJ9.eyJzdWIiOiJhd2lsbGlhbXNvbjFAbmFyb2QucnUiLCJyb2xlIjoidXNlciIsImV4cCI6MTUxOTQyMjgxNH0.m5fCfGYvVwcoxl109qhAFEA6QouidlrOwkmZjKNnHOs
[WORKLEVEL] 2018-02-24 00:53:25.306 portal.facade.impl.AuthenticationFacadeImpl                            getUserPermission                       (43   ) - User awilliamson1@narod.ru got refresh token: eyJhbGciOiJIUzI1NiJ9.eyJzdWIiOiJhd2lsbGlhbXNvbjFAbmFyb2QucnUiLCJyb2xlIjoidXNlciIsImV4cCI6MTUxOTQyMjg1NX0.uoGsKQvRLX6lJqpQI5pdhBxNmv7ga_AYKlTXTs-qYgI
[WORKLEVEL] 2018-02-24 00:53:25.306 portal.facade.impl.AuthenticationFacadeImpl                            gatherPermissions                       (74   ) - Start works method 'gatherPermissions' 
[WORKLEVEL] 2018-02-24 00:53:25.307 portal.facade.impl.AuthenticationFacadeImpl                            gatherPermissions                       (83   ) - return permissions in CredentialsDTO
[WORKLEVEL] 2018-02-24 00:53:25.411 interview.portal.filter.JwtAuthenticationTokenFilter                   doFilterInternal                        (35   ) - JwtAuthenticationTokenFilter start works
[WORKLEVEL] 2018-02-24 00:53:25.411 interview.portal.filter.JwtAuthenticationTokenFilter                   doFilterInternal                        (37   ) - JwtAuthenticationTokenFilter got header with content : Bearer eyJhbGciOiJIUzI1NiJ9.eyJzdWIiOiJhd2lsbGlhbXNvbjFAbmFyb2QucnUiLCJyb2xlIjoidXNlciIsImV4cCI6MTUxOTQyMjgxNH0.m5fCfGYvVwcoxl109qhAFEA6QouidlrOwkmZjKNnHOs
[WORKLEVEL] 2018-02-24 00:53:25.412 interview.portal.filter.JwtAuthenticationTokenFilter                   doFilterInternal                        (41   ) - Header is not empty and Start with token prefix: Bearer 
[WORKLEVEL] 2018-02-24 00:53:25.422 interview.portal.filter.JwtAuthenticationTokenFilter                   doFilterInternal                        (45   ) - Login to obtain from token success. login : awilliamson1@narod.ru
[WORKLEVEL] 2018-02-24 00:53:25.422 interview.portal.filter.JwtAuthenticationTokenFilter                   doFilterInternal                        (54   ) - checking authentication for user awilliamson1@narod.ru
[WORKLEVEL] 2018-02-24 00:53:25.462 interview.portal.filter.JwtAuthenticationTokenFilter                   doFilterInternal                        (70   ) - authenticated user awilliamson1@narod.ru, setting security context
[WORKLEVEL] 2018-02-24 00:53:25.462 interview.portal.filter.JwtAuthenticationTokenFilter                   doFilterInternal                        (74   ) - move to next filter
[WORKLEVEL] 2018-02-24 00:53:31.695 interview.portal.filter.JwtAuthenticationTokenFilter                   doFilterInternal                        (35   ) - JwtAuthenticationTokenFilter start works
[WORKLEVEL] 2018-02-24 00:53:31.696 interview.portal.filter.JwtAuthenticationTokenFilter                   doFilterInternal                        (37   ) - JwtAuthenticationTokenFilter got header with content : Bearer eyJhbGciOiJIUzI1NiJ9.eyJzdWIiOiJhd2lsbGlhbXNvbjFAbmFyb2QucnUiLCJyb2xlIjoidXNlciIsImV4cCI6MTUxOTQyMjgxNH0.m5fCfGYvVwcoxl109qhAFEA6QouidlrOwkmZjKNnHOs
[WORKLEVEL] 2018-02-24 00:53:31.696 interview.portal.filter.JwtAuthenticationTokenFilter                   doFilterInternal                        (41   ) - Header is not empty and Start with token prefix: Bearer 
[WORKLEVEL] 2018-02-24 00:53:31.697 interview.portal.filter.JwtAuthenticationTokenFilter                   doFilterInternal                        (45   ) - Login to obtain from token success. login : awilliamson1@narod.ru
[WORKLEVEL] 2018-02-24 00:53:31.698 interview.portal.filter.JwtAuthenticationTokenFilter                   doFilterInternal                        (54   ) - checking authentication for user awilliamson1@narod.ru
[WORKLEVEL] 2018-02-24 00:53:31.736 interview.portal.filter.JwtAuthenticationTokenFilter                   doFilterInternal                        (70   ) - authenticated user awilliamson1@narod.ru, setting security context
[WORKLEVEL] 2018-02-24 00:53:31.736 interview.portal.filter.JwtAuthenticationTokenFilter                   doFilterInternal                        (74   ) - move to next filter
[WORKLEVEL] 2018-02-24 00:53:39.580 interview.portal.filter.JwtAuthenticationTokenFilter                   doFilterInternal                        (35   ) - JwtAuthenticationTokenFilter start works
[WORKLEVEL] 2018-02-24 00:53:39.581 interview.portal.filter.JwtAuthenticationTokenFilter                   doFilterInternal                        (37   ) - JwtAuthenticationTokenFilter got header with content : null
[WORKLEVEL] 2018-02-24 00:53:39.581 interview.portal.filter.JwtAuthenticationTokenFilter                   doFilterInternal                        (54   ) - checking authentication for user null
[WORKLEVEL] 2018-02-24 00:53:39.582 interview.portal.filter.JwtAuthenticationTokenFilter                   doFilterInternal                        (74   ) - move to next filter
[WORKLEVEL] 2018-02-24 00:53:39.586 interview.portal.controller.AuthenticationController                   refreshCredentials                      (43   ) - User refreshToken 
[WORKLEVEL] 2018-02-24 00:53:39.587 portal.facade.impl.AuthenticationFacadeImpl                            refreshCredentials                      (49   ) - Start works method 'refreshCredentials' 
